1654543366586:add 1 1
1654544954170:help
1654544964829:connect http://localhost:45678/
1654802004002:help
1654802014119:start-server 45678
1654802025388:connect --url http://localhost:45678/
1654802112939:start-server
1654802117260:start-server --port 45678
1654802130570:connect --url http://localhost:45678/
1654802138680:create --game foo
1654802143329:connect --url http://localhost:45678/
1654802156101:join --game foo
1654802163931:join --game foo
1654802206932:connect --url http://localhost:45678/
1654802208601:join --game foo
1654802252211:place --at 1,1
1654802257161:place --at 1,1
1654802263901:place --at 1,2
1654803455773:start-server
1654803459443:start-server --port 45678
1654803462595:connect --url http://localhost:45678/
1654803471143:create --game foo
1654803475285:connect --url http://localhost:45678/
1654803481734:join --game foo
1654803484494:join --game foo
1654803491204:state foo
1654803495634:place --at 1,2
1654803501373:place --at 1,1
1654803505743:place --at 4,4
1654803508573:state foo
1654803518484:place --at 1,1
1654803531413:place --at 3,1
1654803534664:state foo
1654803581444:build --from 2,1 --to 3,3 --build 2,1
1654803601754:build --from 1,2 --to 3,3 --build 1,2
1654803613404:build --from 1,2 --to 2,3 --build 1,2
1654803617594:state foo
1654842025863:help
1654842031482:build
1654842104445:help
1654842107823:win
1654842183215:start-server
1654842189874:start-server 45678
1654842191715:g s
1654842280105:help
1654842289756:connect --url http://localhost:45678/
1654842299165:create --game bob
1654842303225:help
1654842328465:g s
1654842341395:join --game bob
1654842345015:help
1654842897309:state
1654842906389:start-server 45678
1654842910940:connect --url http://localhost:45678/
1654842926679:create --game qwe
1654842929659:state
1654842941081:help
1654842942779:join
1654842947009:join --game qwe
1654843018120:help
1654843068521:connect --url http://localhost:45678/
1654843083261:start-server 45678
1654843085811:connect --url http://localhost:45678/
1654843091071:create --game qwe
1654843095531:connect --url http://localhost:45678/
1654843100590:help
1654843103920:join qwe
1654843109950:help
1654843121471:win --from 0,0 --to 1,1
1654843146170:state qwe
1654843340115:help
1654843376024:help place
1654843459685:help
1654843463424:help place
1654843467065:place
1654843479985:stacktrace
1654843484394:place
1654843488495:help
1654843496255:help build
